<?xml version="1.0" encoding="UTF-8"?>
<!-- Generated by org.testng.reporters.JUnitReportReporter -->
<testsuite hostname="LAPTOP-70MIPCT5" failures="0" tests="1" name="flipcart.addtocart.RedmiPhone" time="24.360" errors="0" timestamp="2022-09-20T12:08:36 IST" skipped="0">
  <testcase classname="flipcart.addtocart.RedmiPhone" name="RedmiPhoneTest02" time="24.360"/>
  <system-out>
    <![CDATA[REDMI 9i Sport (Carbon Black, 64 GB)
REDMI 9i Sport (Coral Green, 64 GB)
REDMI 9i Sport (Metallic Blue, 64 GB)
REDMI Note 10T 5G (Metallic Blue, 64 GB)
REDMI Note 10T 5G (Graphite Black, 64 GB)
REDMI 9i (Midnight Black, 64 GB)
REDMI 10 Prime (Astral White, 64 GB)
REDMI 10 Prime (Bifrost Blue, 64 GB)
]]>
  </system-out>
</testsuite> <!-- flipcart.addtocart.RedmiPhone -->
