<?xml version="1.0" encoding="UTF-8"?>
<!-- Generated by org.testng.reporters.JUnitReportReporter -->
<testsuite hostname="LAPTOP-70MIPCT5" failures="0" tests="1" name="flipcart.addtocart.AddToCartTest" time="65.429" errors="0" timestamp="2022-09-20T12:01:16 IST" skipped="0">
  <testcase classname="flipcart.addtocart.AddToCartTest" name="addToCartTest01" time="65.429"/>
  <system-out/>
</testsuite> <!-- flipcart.addtocart.AddToCartTest -->
